<?xml version="1.0" encoding="UTF-8"?>
<!-- Generated by org.testng.reporters.JUnitReportReporter -->
<testsuite hostname="DESKTOP-LP6S30B" name="pkg1.TestNG_Grouping" tests="2" failures="0" timestamp="15 Jan 2019 20:05:24 GMT" time="0.016" errors="0">
  <testcase name="TC1" time="0.016" classname="pkg1.TestNG_Grouping"/>
  <testcase name="TC2" time="0.000" classname="pkg1.TestNG_Grouping"/>
</testsuite> <!-- pkg1.TestNG_Grouping -->
