<?xml version="1.0" encoding="UTF-8"?>
<!-- Generated by org.testng.reporters.JUnitReportReporter -->
<testsuite hostname="DESKTOP-LP6S30B" name="pkg1.TestNG_Priority" tests="2" failures="0" timestamp="28 Aug 2017 18:54:04 GMT" time="0.033" errors="0">
  <testcase name="TC1" time="0.030" classname="pkg1.TestNG_Priority"/>
  <testcase name="TC2" time="0.003" classname="pkg1.TestNG_Priority"/>
</testsuite> <!-- pkg1.TestNG_Priority -->
